--- Copying files at Sun Feb 23 00:02:28 UTC 2025
--- Copied files finished at Sun Feb 23 00:02:28 UTC 2025
--- Copying files at Sun Feb 23 00:25:29 UTC 2025
--- Copied files finished at Sun Feb 23 00:25:29 UTC 2025
--- Copying files at Wed Feb 26 17:10:06 UTC 2025
--- Copied files finished at Wed Feb 26 17:10:06 UTC 2025
--- Copying files at Thu Feb 27 09:47:35 UTC 2025
--- Copied files finished at Thu Feb 27 09:47:35 UTC 2025
--- Copying files at Thu Feb 27 14:16:37 UTC 2025
--- Copied files finished at Thu Feb 27 14:16:37 UTC 2025
--- Copying files at Thu Feb 27 18:14:13 UTC 2025
--- Copied files finished at Thu Feb 27 18:14:13 UTC 2025
--- Copying files at Thu Feb 27 23:46:33 UTC 2025
--- Copied files finished at Thu Feb 27 23:46:33 UTC 2025
--- Copying files at Fri Feb 28 00:19:16 UTC 2025
--- Copied files finished at Fri Feb 28 00:19:16 UTC 2025
--- Copying files at Fri Feb 28 04:46:52 UTC 2025
--- Copied files finished at Fri Feb 28 04:46:52 UTC 2025
--- Copying files at Mon Mar  3 07:29:31 UTC 2025
--- Copied files finished at Mon Mar  3 07:29:31 UTC 2025
--- Copying files at Wed Mar  5 07:50:14 UTC 2025
--- Copied files finished at Wed Mar  5 07:50:14 UTC 2025
--- Copying files at Wed Mar  5 09:06:02 UTC 2025
--- Copied files finished at Wed Mar  5 09:06:02 UTC 2025
--- Copying files at Wed Mar  5 11:16:57 UTC 2025
--- Copied files finished at Wed Mar  5 11:16:57 UTC 2025
--- Copying files at Fri Mar  7 10:09:00 UTC 2025
--- Copied files finished at Fri Mar  7 10:09:00 UTC 2025
--- Copying files at Fri Mar  7 11:19:08 UTC 2025
--- Copied files finished at Fri Mar  7 11:19:08 UTC 2025
